2025-07-05 17:40:51 update LICENSE
2025-11-25 05:39:45 fix null pointer
2025-03-18 00:22:10 update logging
2025-07-23 13:08:05 add fallback
2025-09-10 12:02:04 remove unused import
2025-01-08 06:30:57 refactor tests
2025-01-19 23:54:28 fix async issue
2025-03-29 03:54:12 improve logging format
2025-05-18 09:31:14 minor refactor
2025-09-25 10:27:56 improve logging format
2025-02-11 20:40:17 small refactor
2025-08-21 03:14:05 initial commit
2025-09-10 06:31:03 refactor code
2025-06-09 10:02:29 fix warnings
2025-05-02 15:09:56 update API keys
2025-11-15 05:36:42 reformat code
2025-04-26 00:23:33 update scripts
2025-09-22 12:19:37 security patch
2025-07-23 03:49:39 add helper function
2025-12-23 18:58:13 better error handling
2025-01-29 08:18:40 restructure project
2025-12-08 21:25:52 initial commit
2025-12-17 22:16:22 add helper function
2025-01-12 22:12:06 add changelog
2025-03-31 01:01:24 remove test code
